<?xml version="1.0" encoding="utf-8"?><testsuites><testsuite name="pytest" errors="0" failures="0" skipped="0" tests="3" time="51.620" timestamp="2022-08-12T22:40:51.581813" hostname="DESKTOP-T8H6BSU"><testcase classname="test_HomePage.TestHomePage" name="test_formsubmission[getData0]" time="21.210" /><testcase classname="test_HomePage.TestHomePage" name="test_formsubmission[getData1]" time="2.646" /><testcase classname="test_e2e.TestOne" name="test_e2e" time="27.408" /></testsuite></testsuites>